
> my-app@1.0.0 start /home/ubuntu/Development/VA_Chat
> node index.js

Server on!
Success DB connection
Server on!
Success DB connection
Server on!
Success DB connection
open index.html
open index.html
open register.html
admin1 1234
OkPacket {
  fieldCount: 0,
  affectedRows: 1,
  insertId: 0,
  serverStatus: 2,
  warningCount: 0,
  message: '',
  protocol41: true,
  changedRows: 0
}
open index.html
open main.html
OkPacket {
  fieldCount: 0,
  affectedRows: 1,
  insertId: 0,
  serverStatus: 34,
  warningCount: 0,
  message: '(Rows matched: 1  Changed: 1  Warnings: 0',
  protocol41: true,
  changedRows: 1
}
admin1
OkPacket {
  fieldCount: 0,
  affectedRows: 1,
  insertId: 0,
  serverStatus: 34,
  warningCount: 0,
  message: '(Rows matched: 1  Changed: 1  Warnings: 0',
  protocol41: true,
  changedRows: 1
}
open main.html
OkPacket {
  fieldCount: 0,
  affectedRows: 1,
  insertId: 0,
  serverStatus: 34,
  warningCount: 0,
  message: '(Rows matched: 1  Changed: 1  Warnings: 0',
  protocol41: true,
  changedRows: 1
}
admin1 join a room1
admin1 leave a room1
open register.html
namaga132 1234
OkPacket {
  fieldCount: 0,
  affectedRows: 1,
  insertId: 0,
  serverStatus: 2,
  warningCount: 0,
  message: '',
  protocol41: true,
  changedRows: 0
}
open index.html
open main.html
OkPacket {
  fieldCount: 0,
  affectedRows: 1,
  insertId: 0,
  serverStatus: 34,
  warningCount: 0,
  message: '(Rows matched: 1  Changed: 1  Warnings: 0',
  protocol41: true,
  changedRows: 1
}
namaga132 join a room1
namaga132 leave a room1
namaga132
OkPacket {
  fieldCount: 0,
  affectedRows: 1,
  insertId: 0,
  serverStatus: 34,
  warningCount: 0,
  message: '(Rows matched: 1  Changed: 1  Warnings: 0',
  protocol41: true,
  changedRows: 1
}
open main.html
OkPacket {
  fieldCount: 0,
  affectedRows: 1,
  insertId: 0,
  serverStatus: 34,
  warningCount: 0,
  message: '(Rows matched: 1  Changed: 1  Warnings: 0',
  protocol41: true,
  changedRows: 1
}
namaga132
OkPacket {
  fieldCount: 0,
  affectedRows: 1,
  insertId: 0,
  serverStatus: 34,
  warningCount: 0,
  message: '(Rows matched: 1  Changed: 1  Warnings: 0',
  protocol41: true,
  changedRows: 1
}
Server on!
Success DB connection
Server on!
Success DB connection
open index.html
open main.html
OkPacket {
  fieldCount: 0,
  affectedRows: 1,
  insertId: 0,
  serverStatus: 34,
  warningCount: 0,
  message: '(Rows matched: 1  Changed: 1  Warnings: 0',
  protocol41: true,
  changedRows: 1
}
namaga132
OkPacket {
  fieldCount: 0,
  affectedRows: 1,
  insertId: 0,
  serverStatus: 34,
  warningCount: 0,
  message: '(Rows matched: 1  Changed: 1  Warnings: 0',
  protocol41: true,
  changedRows: 1
}
open main.html
OkPacket {
  fieldCount: 0,
  affectedRows: 1,
  insertId: 0,
  serverStatus: 34,
  warningCount: 0,
  message: '(Rows matched: 1  Changed: 1  Warnings: 0',
  protocol41: true,
  changedRows: 1
}
Server on!
Success DB connection
namaga132
OkPacket {
  fieldCount: 0,
  affectedRows: 1,
  insertId: 0,
  serverStatus: 34,
  warningCount: 0,
  message: '(Rows matched: 1  Changed: 1  Warnings: 0',
  protocol41: true,
  changedRows: 1
}
Server on!
Success DB connection
open index.html
Server on!
Success DB connection
open index.html
open index.html
open main.html
OkPacket {
  fieldCount: 0,
  affectedRows: 1,
  insertId: 0,
  serverStatus: 34,
  warningCount: 0,
  message: '(Rows matched: 1  Changed: 1  Warnings: 0',
  protocol41: true,
  changedRows: 1
}
namaga132
OkPacket {
  fieldCount: 0,
  affectedRows: 1,
  insertId: 0,
  serverStatus: 34,
  warningCount: 0,
  message: '(Rows matched: 1  Changed: 1  Warnings: 0',
  protocol41: true,
  changedRows: 1
}
namaga132
OkPacket {
  fieldCount: 0,
  affectedRows: 1,
  insertId: 0,
  serverStatus: 34,
  warningCount: 0,
  message: '(Rows matched: 1  Changed: 0  Warnings: 0',
  protocol41: true,
  changedRows: 0
}
open main.html
OkPacket {
  fieldCount: 0,
  affectedRows: 1,
  insertId: 0,
  serverStatus: 34,
  warningCount: 0,
  message: '(Rows matched: 1  Changed: 1  Warnings: 0',
  protocol41: true,
  changedRows: 1
}
namaga132
OkPacket {
  fieldCount: 0,
  affectedRows: 1,
  insertId: 0,
  serverStatus: 34,
  warningCount: 0,
  message: '(Rows matched: 1  Changed: 1  Warnings: 0',
  protocol41: true,
  changedRows: 1
}
open main.html
OkPacket {
  fieldCount: 0,
  affectedRows: 1,
  insertId: 0,
  serverStatus: 34,
  warningCount: 0,
  message: '(Rows matched: 1  Changed: 1  Warnings: 0',
  protocol41: true,
  changedRows: 1
}
open index.html
open index.html
Server on!
Success DB connection
open index.html
open index.html
open index.html
open register.html
test1 1234
OkPacket {
  fieldCount: 0,
  affectedRows: 1,
  insertId: 0,
  serverStatus: 2,
  warningCount: 0,
  message: '',
  protocol41: true,
  changedRows: 0
}
open index.html
open main.html
OkPacket {
  fieldCount: 0,
  affectedRows: 1,
  insertId: 0,
  serverStatus: 34,
  warningCount: 0,
  message: '(Rows matched: 1  Changed: 1  Warnings: 0',
  protocol41: true,
  changedRows: 1
}
open index.html
no-id
open index.html
open register.html
pjh 1234
OkPacket {
  fieldCount: 0,
  affectedRows: 1,
  insertId: 0,
  serverStatus: 2,
  warningCount: 0,
  message: '',
  protocol41: true,
  changedRows: 0
}
open index.html
open register.html
open main.html
OkPacket {
  fieldCount: 0,
  affectedRows: 1,
  insertId: 0,
  serverStatus: 34,
  warningCount: 0,
  message: '(Rows matched: 1  Changed: 1  Warnings: 0',
  protocol41: true,
  changedRows: 1
}
pjh join a room1
open register.html
test3 1234
OkPacket {
  fieldCount: 0,
  affectedRows: 1,
  insertId: 0,
  serverStatus: 2,
  warningCount: 0,
  message: '',
  protocol41: true,
  changedRows: 0
}
open index.html
open main.html
OkPacket {
  fieldCount: 0,
  affectedRows: 1,
  insertId: 0,
  serverStatus: 34,
  warningCount: 0,
  message: '(Rows matched: 1  Changed: 1  Warnings: 0',
  protocol41: true,
  changedRows: 1
}
test3 join a room1
open index.html
open index.html
test3 leave a room1
test3
OkPacket {
  fieldCount: 0,
  affectedRows: 1,
  insertId: 0,
  serverStatus: 34,
  warningCount: 0,
  message: '(Rows matched: 1  Changed: 1  Warnings: 0',
  protocol41: true,
  changedRows: 1
}
pjh leave a room1
pjh
OkPacket {
  fieldCount: 0,
  affectedRows: 1,
  insertId: 0,
  serverStatus: 34,
  warningCount: 0,
  message: '(Rows matched: 1  Changed: 1  Warnings: 0',
  protocol41: true,
  changedRows: 1
}
open index.html
